<?xml version="1.0" encoding="UTF-8"?>
<testsuite xmlns:xsi="http://www.w3.org/2001/XMLSchema-instance" xsi:noNamespaceSchemaLocation="https://maven.apache.org/surefire/maven-surefire-plugin/xsd/surefire-test-report-3.0.xsd" version="3.0" name="com.rentalrecommender.dataprocessor.PropertyMongoDbSinkIntegrationTest" time="2.332" tests="1" errors="0" skipped="0" failures="0">
  <properties>
    <property name="java.specification.version" value="17"/>
    <property name="sun.jnu.encoding" value="UTF-8"/>
    <property name="java.class.path" value="/home/ubuntu/Project/temp3/rental-recommender/data-processor/target/test-classes:/home/ubuntu/Project/temp3/rental-recommender/data-processor/target/classes:/home/ubuntu/.m2/repository/org/apache/flink/flink-core/1.20.0/flink-core-1.20.0.jar:/home/ubuntu/.m2/repository/org/apache/flink/flink-core-api/1.20.0/flink-core-api-1.20.0.jar:/home/ubuntu/.m2/repository/org/apache/flink/flink-annotations/1.20.0/flink-annotations-1.20.0.jar:/home/ubuntu/.m2/repository/org/apache/flink/flink-shaded-asm-9/9.5-17.0/flink-shaded-asm-9-9.5-17.0.jar:/home/ubuntu/.m2/repository/org/apache/flink/flink-shaded-jackson/2.14.2-17.0/flink-shaded-jackson-2.14.2-17.0.jar:/home/ubuntu/.m2/repository/org/apache/commons/commons-lang3/3.12.0/commons-lang3-3.12.0.jar:/home/ubuntu/.m2/repository/org/snakeyaml/snakeyaml-engine/2.6/snakeyaml-engine-2.6.jar:/home/ubuntu/.m2/repository/org/apache/commons/commons-text/1.10.0/commons-text-1.10.0.jar:/home/ubuntu/.m2/repository/com/esotericsoftware/kryo/kryo/2.24.0/kryo-2.24.0.jar:/home/ubuntu/.m2/repository/com/esotericsoftware/minlog/minlog/1.2/minlog-1.2.jar:/home/ubuntu/.m2/repository/org/objenesis/objenesis/2.1/objenesis-2.1.jar:/home/ubuntu/.m2/repository/commons-collections/commons-collections/3.2.2/commons-collections-3.2.2.jar:/home/ubuntu/.m2/repository/org/apache/commons/commons-compress/1.26.0/commons-compress-1.26.0.jar:/home/ubuntu/.m2/repository/org/apache/flink/flink-shaded-guava/31.1-jre-17.0/flink-shaded-guava-31.1-jre-17.0.jar:/home/ubuntu/.m2/repository/com/google/code/findbugs/jsr305/1.3.9/jsr305-1.3.9.jar:/home/ubuntu/.m2/repository/org/apache/flink/flink-streaming-java/1.20.0/flink-streaming-java-1.20.0.jar:/home/ubuntu/.m2/repository/org/apache/flink/flink-file-sink-common/1.20.0/flink-file-sink-common-1.20.0.jar:/home/ubuntu/.m2/repository/org/apache/flink/flink-java/1.20.0/flink-java-1.20.0.jar:/home/ubuntu/.m2/repository/com/twitter/chill-java/0.7.6/chill-java-0.7.6.jar:/home/ubuntu/.m2/repository/org/apache/commons/commons-math3/3.6.1/commons-math3-3.6.1.jar:/home/ubuntu/.m2/repository/org/apache/flink/flink-connector-datagen/1.20.0/flink-connector-datagen-1.20.0.jar:/home/ubuntu/.m2/repository/org/apache/flink/flink-connector-kafka/3.3.0-1.20/flink-connector-kafka-3.3.0-1.20.jar:/home/ubuntu/.m2/repository/org/apache/kafka/kafka-clients/3.4.0/kafka-clients-3.4.0.jar:/home/ubuntu/.m2/repository/com/github/luben/zstd-jni/1.5.2-1/zstd-jni-1.5.2-1.jar:/home/ubuntu/.m2/repository/com/google/guava/guava/32.1.2-jre/guava-32.1.2-jre.jar:/home/ubuntu/.m2/repository/com/google/guava/failureaccess/1.0.1/failureaccess-1.0.1.jar:/home/ubuntu/.m2/repository/com/google/guava/listenablefuture/9999.0-empty-to-avoid-conflict-with-guava/listenablefuture-9999.0-empty-to-avoid-conflict-with-guava.jar:/home/ubuntu/.m2/repository/org/checkerframework/checker-qual/3.33.0/checker-qual-3.33.0.jar:/home/ubuntu/.m2/repository/com/google/errorprone/error_prone_annotations/2.18.0/error_prone_annotations-2.18.0.jar:/home/ubuntu/.m2/repository/com/google/j2objc/j2objc-annotations/2.8/j2objc-annotations-2.8.jar:/home/ubuntu/.m2/repository/com/fasterxml/jackson/core/jackson-core/2.15.2/jackson-core-2.15.2.jar:/home/ubuntu/.m2/repository/com/fasterxml/jackson/datatype/jackson-datatype-jsr310/2.15.2/jackson-datatype-jsr310-2.15.2.jar:/home/ubuntu/.m2/repository/com/fasterxml/jackson/datatype/jackson-datatype-jdk8/2.15.2/jackson-datatype-jdk8-2.15.2.jar:/home/ubuntu/.m2/repository/org/apache/flink/flink-connector-base/1.20.0/flink-connector-base-1.20.0.jar:/home/ubuntu/.m2/repository/org/apache/flink/flink-test-utils-junit/1.20.0/flink-test-utils-junit-1.20.0.jar:/home/ubuntu/.m2/repository/org/junit/vintage/junit-vintage-engine/5.10.1/junit-vintage-engine-5.10.1.jar:/home/ubuntu/.m2/repository/org/junit/platform/junit-platform-engine/1.10.1/junit-platform-engine-1.10.1.jar:/home/ubuntu/.m2/repository/junit/junit/4.13.2/junit-4.13.2.jar:/home/ubuntu/.m2/repository/org/hamcrest/hamcrest-core/1.3/hamcrest-core-1.3.jar:/home/ubuntu/.m2/repository/org/apiguardian/apiguardian-api/1.1.2/apiguardian-api-1.1.2.jar:/home/ubuntu/.m2/repository/org/assertj/assertj-core/3.23.1/assertj-core-3.23.1.jar:/home/ubuntu/.m2/repository/net/bytebuddy/byte-buddy/1.12.10/byte-buddy-1.12.10.jar:/home/ubuntu/.m2/repository/org/testcontainers/testcontainers/1.19.1/testcontainers-1.19.1.jar:/home/ubuntu/.m2/repository/org/rnorth/duct-tape/duct-tape/1.0.8/duct-tape-1.0.8.jar:/home/ubuntu/.m2/repository/org/jetbrains/annotations/17.0.0/annotations-17.0.0.jar:/home/ubuntu/.m2/repository/com/github/docker-java/docker-java-api/3.3.3/docker-java-api-3.3.3.jar:/home/ubuntu/.m2/repository/com/github/docker-java/docker-java-transport-zerodep/3.3.3/docker-java-transport-zerodep-3.3.3.jar:/home/ubuntu/.m2/repository/com/github/docker-java/docker-java-transport/3.3.3/docker-java-transport-3.3.3.jar:/home/ubuntu/.m2/repository/net/java/dev/jna/jna/5.12.1/jna-5.12.1.jar:/home/ubuntu/.m2/repository/org/apache/flink/flink-clients/1.20.0/flink-clients-1.20.0.jar:/home/ubuntu/.m2/repository/org/apache/flink/flink-optimizer/1.20.0/flink-optimizer-1.20.0.jar:/home/ubuntu/.m2/repository/commons-cli/commons-cli/1.5.0/commons-cli-1.5.0.jar:/home/ubuntu/.m2/repository/org/apache/flink/flink-datastream/1.20.0/flink-datastream-1.20.0.jar:/home/ubuntu/.m2/repository/org/apache/flink/flink-datastream-api/1.20.0/flink-datastream-api-1.20.0.jar:/home/ubuntu/.m2/repository/org/apache/flink/flink-metrics-prometheus/1.20.0/flink-metrics-prometheus-1.20.0.jar:/home/ubuntu/.m2/repository/org/apache/flink/flink-runtime/1.20.0/flink-runtime-1.20.0.jar:/home/ubuntu/.m2/repository/org/apache/flink/flink-rpc-core/1.20.0/flink-rpc-core-1.20.0.jar:/home/ubuntu/.m2/repository/org/apache/flink/flink-rpc-akka-loader/1.20.0/flink-rpc-akka-loader-1.20.0.jar:/home/ubuntu/.m2/repository/org/apache/flink/flink-queryable-state-client-java/1.20.0/flink-queryable-state-client-java-1.20.0.jar:/home/ubuntu/.m2/repository/org/apache/flink/flink-hadoop-fs/1.20.0/flink-hadoop-fs-1.20.0.jar:/home/ubuntu/.m2/repository/commons-io/commons-io/2.15.1/commons-io-2.15.1.jar:/home/ubuntu/.m2/repository/org/apache/flink/flink-shaded-netty/4.1.91.Final-17.0/flink-shaded-netty-4.1.91.Final-17.0.jar:/home/ubuntu/.m2/repository/org/apache/flink/flink-shaded-zookeeper-3/3.7.1-17.0/flink-shaded-zookeeper-3-3.7.1-17.0.jar:/home/ubuntu/.m2/repository/org/javassist/javassist/3.24.0-GA/javassist-3.24.0-GA.jar:/home/ubuntu/.m2/repository/org/xerial/snappy/snappy-java/1.1.10.4/snappy-java-1.1.10.4.jar:/home/ubuntu/.m2/repository/tools/profiler/async-profiler/2.9/async-profiler-2.9.jar:/home/ubuntu/.m2/repository/org/lz4/lz4-java/1.8.0/lz4-java-1.8.0.jar:/home/ubuntu/.m2/repository/org/apache/flink/flink-test-utils/1.20.0/flink-test-utils-1.20.0.jar:/home/ubuntu/.m2/repository/org/apache/flink/flink-table-common/1.20.0/flink-table-common-1.20.0.jar:/home/ubuntu/.m2/repository/com/ibm/icu/icu4j/67.1/icu4j-67.1.jar:/home/ubuntu/.m2/repository/org/apache/flink/flink-runtime/1.20.0/flink-runtime-1.20.0-tests.jar:/home/ubuntu/.m2/repository/org/apache/flink/flink-core/1.20.0/flink-core-1.20.0-tests.jar:/home/ubuntu/.m2/repository/org/apache/flink/flink-rpc-akka-loader/1.20.0/flink-rpc-akka-loader-1.20.0-tests.jar:/home/ubuntu/.m2/repository/org/apache/flink/flink-streaming-java/1.20.0/flink-streaming-java-1.20.0-tests.jar:/home/ubuntu/.m2/repository/org/apache/flink/flink-statebackend-rocksdb/1.20.0/flink-statebackend-rocksdb-1.20.0.jar:/home/ubuntu/.m2/repository/com/ververica/frocksdbjni/6.20.3-ververica-2.0/frocksdbjni-6.20.3-ververica-2.0.jar:/home/ubuntu/.m2/repository/org/apache/flink/flink-statebackend-changelog/1.20.0/flink-statebackend-changelog-1.20.0.jar:/home/ubuntu/.m2/repository/org/apache/flink/flink-statebackend-common/1.20.0/flink-statebackend-common-1.20.0.jar:/home/ubuntu/.m2/repository/org/apache/flink/flink-dstl-dfs/1.20.0/flink-dstl-dfs-1.20.0.jar:/home/ubuntu/.m2/repository/org/apache/curator/curator-test/5.4.0/curator-test-5.4.0.jar:/home/ubuntu/.m2/repository/org/apache/zookeeper/zookeeper/3.7.1/zookeeper-3.7.1.jar:/home/ubuntu/.m2/repository/org/apache/zookeeper/zookeeper-jute/3.7.1/zookeeper-jute-3.7.1.jar:/home/ubuntu/.m2/repository/org/apache/yetus/audience-annotations/0.12.0/audience-annotations-0.12.0.jar:/home/ubuntu/.m2/repository/io/netty/netty-handler/4.1.76.Final/netty-handler-4.1.76.Final.jar:/home/ubuntu/.m2/repository/io/netty/netty-common/4.1.76.Final/netty-common-4.1.76.Final.jar:/home/ubuntu/.m2/repository/io/netty/netty-resolver/4.1.76.Final/netty-resolver-4.1.76.Final.jar:/home/ubuntu/.m2/repository/io/netty/netty-buffer/4.1.76.Final/netty-buffer-4.1.76.Final.jar:/home/ubuntu/.m2/repository/io/netty/netty-transport/4.1.76.Final/netty-transport-4.1.76.Final.jar:/home/ubuntu/.m2/repository/io/netty/netty-codec/4.1.76.Final/netty-codec-4.1.76.Final.jar:/home/ubuntu/.m2/repository/io/netty/netty-transport-native-epoll/4.1.76.Final/netty-transport-native-epoll-4.1.76.Final.jar:/home/ubuntu/.m2/repository/io/netty/netty-transport-native-unix-common/4.1.76.Final/netty-transport-native-unix-common-4.1.76.Final.jar:/home/ubuntu/.m2/repository/io/netty/netty-transport-classes-epoll/4.1.76.Final/netty-transport-classes-epoll-4.1.76.Final.jar:/home/ubuntu/.m2/repository/io/dropwizard/metrics/metrics-core/3.2.5/metrics-core-3.2.5.jar:/home/ubuntu/.m2/repository/org/apache/flink/flink-metrics-core/1.20.0/flink-metrics-core-1.20.0.jar:/home/ubuntu/.m2/repository/org/mongodb/mongodb-driver-sync/4.11.0/mongodb-driver-sync-4.11.0.jar:/home/ubuntu/.m2/repository/org/mongodb/bson/4.11.0/bson-4.11.0.jar:/home/ubuntu/.m2/repository/org/mongodb/mongodb-driver-core/4.11.0/mongodb-driver-core-4.11.0.jar:/home/ubuntu/.m2/repository/org/mongodb/bson-record-codec/4.11.0/bson-record-codec-4.11.0.jar:/home/ubuntu/.m2/repository/com/fasterxml/jackson/core/jackson-databind/2.15.2/jackson-databind-2.15.2.jar:/home/ubuntu/.m2/repository/com/fasterxml/jackson/core/jackson-annotations/2.15.2/jackson-annotations-2.15.2.jar:/home/ubuntu/.m2/repository/com/fasterxml/jackson/module/jackson-module-kotlin/2.15.2/jackson-module-kotlin-2.15.2.jar:/home/ubuntu/.m2/repository/org/jetbrains/kotlin/kotlin-reflect/1.5.32/kotlin-reflect-1.5.32.jar:/home/ubuntu/.m2/repository/org/jetbrains/kotlin/kotlin-stdlib/1.5.32/kotlin-stdlib-1.5.32.jar:/home/ubuntu/.m2/repository/org/jetbrains/kotlin/kotlin-stdlib-common/1.5.32/kotlin-stdlib-common-1.5.32.jar:/home/ubuntu/.m2/repository/org/projectlombok/lombok/1.18.28/lombok-1.18.28.jar:/home/ubuntu/.m2/repository/io/opentelemetry/opentelemetry-api/1.29.0/opentelemetry-api-1.29.0.jar:/home/ubuntu/.m2/repository/io/opentelemetry/opentelemetry-context/1.29.0/opentelemetry-context-1.29.0.jar:/home/ubuntu/.m2/repository/io/opentelemetry/opentelemetry-sdk/1.29.0/opentelemetry-sdk-1.29.0.jar:/home/ubuntu/.m2/repository/io/opentelemetry/opentelemetry-sdk-common/1.29.0/opentelemetry-sdk-common-1.29.0.jar:/home/ubuntu/.m2/repository/io/opentelemetry/opentelemetry-semconv/1.29.0-alpha/opentelemetry-semconv-1.29.0-alpha.jar:/home/ubuntu/.m2/repository/io/opentelemetry/opentelemetry-sdk-trace/1.29.0/opentelemetry-sdk-trace-1.29.0.jar:/home/ubuntu/.m2/repository/io/opentelemetry/opentelemetry-sdk-metrics/1.29.0/opentelemetry-sdk-metrics-1.29.0.jar:/home/ubuntu/.m2/repository/io/opentelemetry/opentelemetry-extension-incubator/1.29.0-alpha/opentelemetry-extension-incubator-1.29.0-alpha.jar:/home/ubuntu/.m2/repository/io/opentelemetry/opentelemetry-sdk-logs/1.29.0/opentelemetry-sdk-logs-1.29.0.jar:/home/ubuntu/.m2/repository/io/opentelemetry/opentelemetry-api-events/1.29.0-alpha/opentelemetry-api-events-1.29.0-alpha.jar:/home/ubuntu/.m2/repository/io/opentelemetry/opentelemetry-exporter-otlp/1.29.0/opentelemetry-exporter-otlp-1.29.0.jar:/home/ubuntu/.m2/repository/io/opentelemetry/opentelemetry-exporter-otlp-common/1.29.0/opentelemetry-exporter-otlp-common-1.29.0.jar:/home/ubuntu/.m2/repository/io/opentelemetry/opentelemetry-exporter-common/1.29.0/opentelemetry-exporter-common-1.29.0.jar:/home/ubuntu/.m2/repository/io/opentelemetry/opentelemetry-exporter-sender-okhttp/1.29.0/opentelemetry-exporter-sender-okhttp-1.29.0.jar:/home/ubuntu/.m2/repository/com/squareup/okhttp3/okhttp/4.11.0/okhttp-4.11.0.jar:/home/ubuntu/.m2/repository/com/squareup/okio/okio/3.2.0/okio-3.2.0.jar:/home/ubuntu/.m2/repository/com/squareup/okio/okio-jvm/3.2.0/okio-jvm-3.2.0.jar:/home/ubuntu/.m2/repository/org/jetbrains/kotlin/kotlin-stdlib-jdk8/1.6.20/kotlin-stdlib-jdk8-1.6.20.jar:/home/ubuntu/.m2/repository/org/jetbrains/kotlin/kotlin-stdlib-jdk7/1.6.20/kotlin-stdlib-jdk7-1.6.20.jar:/home/ubuntu/.m2/repository/io/opentelemetry/opentelemetry-sdk-extension-autoconfigure-spi/1.29.0/opentelemetry-sdk-extension-autoconfigure-spi-1.29.0.jar:/home/ubuntu/.m2/repository/io/prometheus/simpleclient/0.16.0/simpleclient-0.16.0.jar:/home/ubuntu/.m2/repository/io/prometheus/simpleclient_tracer_otel/0.16.0/simpleclient_tracer_otel-0.16.0.jar:/home/ubuntu/.m2/repository/io/prometheus/simpleclient_tracer_common/0.16.0/simpleclient_tracer_common-0.16.0.jar:/home/ubuntu/.m2/repository/io/prometheus/simpleclient_tracer_otel_agent/0.16.0/simpleclient_tracer_otel_agent-0.16.0.jar:/home/ubuntu/.m2/repository/io/prometheus/simpleclient_common/0.16.0/simpleclient_common-0.16.0.jar:/home/ubuntu/.m2/repository/io/prometheus/simpleclient_hotspot/0.16.0/simpleclient_hotspot-0.16.0.jar:/home/ubuntu/.m2/repository/org/slf4j/slf4j-api/1.7.36/slf4j-api-1.7.36.jar:/home/ubuntu/.m2/repository/org/slf4j/slf4j-simple/1.7.36/slf4j-simple-1.7.36.jar:/home/ubuntu/.m2/repository/org/apache/logging/log4j/log4j-slf4j-impl/2.17.1/log4j-slf4j-impl-2.17.1.jar:/home/ubuntu/.m2/repository/org/apache/logging/log4j/log4j-api/2.17.1/log4j-api-2.17.1.jar:/home/ubuntu/.m2/repository/org/apache/logging/log4j/log4j-core/2.17.1/log4j-core-2.17.1.jar:/home/ubuntu/.m2/repository/org/junit/jupiter/junit-jupiter/5.9.3/junit-jupiter-5.9.3.jar:/home/ubuntu/.m2/repository/org/junit/jupiter/junit-jupiter-api/5.9.3/junit-jupiter-api-5.9.3.jar:/home/ubuntu/.m2/repository/org/opentest4j/opentest4j/1.2.0/opentest4j-1.2.0.jar:/home/ubuntu/.m2/repository/org/junit/platform/junit-platform-commons/1.9.3/junit-platform-commons-1.9.3.jar:/home/ubuntu/.m2/repository/org/junit/jupiter/junit-jupiter-params/5.9.3/junit-jupiter-params-5.9.3.jar:/home/ubuntu/.m2/repository/org/junit/jupiter/junit-jupiter-engine/5.9.3/junit-jupiter-engine-5.9.3.jar:"/>
    <property name="java.vm.vendor" value="Amazon.com Inc."/>
    <property name="sun.arch.data.model" value="64"/>
    <property name="java.vendor.url" value="https://aws.amazon.com/corretto/"/>
    <property name="user.timezone" value="Etc/UTC"/>
    <property name="os.name" value="Linux"/>
    <property name="java.vm.specification.version" value="17"/>
    <property name="sun.java.launcher" value="SUN_STANDARD"/>
    <property name="user.country" value="US"/>
    <property name="sun.boot.library.path" value="/home/ubuntu/.jdks/corretto-17.0.13/lib"/>
    <property name="sun.java.command" value="/home/ubuntu/Project/temp3/rental-recommender/data-processor/target/surefire/surefirebooter-20241204204126080_3.jar /home/ubuntu/Project/temp3/rental-recommender/data-processor/target/surefire 2024-12-04T20-41-25_949-jvmRun1 surefire-20241204204126080_1tmp surefire_0-20241204204126080_2tmp"/>
    <property name="jdk.debug" value="release"/>
    <property name="surefire.test.class.path" value="/home/ubuntu/Project/temp3/rental-recommender/data-processor/target/test-classes:/home/ubuntu/Project/temp3/rental-recommender/data-processor/target/classes:/home/ubuntu/.m2/repository/org/apache/flink/flink-core/1.20.0/flink-core-1.20.0.jar:/home/ubuntu/.m2/repository/org/apache/flink/flink-core-api/1.20.0/flink-core-api-1.20.0.jar:/home/ubuntu/.m2/repository/org/apache/flink/flink-annotations/1.20.0/flink-annotations-1.20.0.jar:/home/ubuntu/.m2/repository/org/apache/flink/flink-shaded-asm-9/9.5-17.0/flink-shaded-asm-9-9.5-17.0.jar:/home/ubuntu/.m2/repository/org/apache/flink/flink-shaded-jackson/2.14.2-17.0/flink-shaded-jackson-2.14.2-17.0.jar:/home/ubuntu/.m2/repository/org/apache/commons/commons-lang3/3.12.0/commons-lang3-3.12.0.jar:/home/ubuntu/.m2/repository/org/snakeyaml/snakeyaml-engine/2.6/snakeyaml-engine-2.6.jar:/home/ubuntu/.m2/repository/org/apache/commons/commons-text/1.10.0/commons-text-1.10.0.jar:/home/ubuntu/.m2/repository/com/esotericsoftware/kryo/kryo/2.24.0/kryo-2.24.0.jar:/home/ubuntu/.m2/repository/com/esotericsoftware/minlog/minlog/1.2/minlog-1.2.jar:/home/ubuntu/.m2/repository/org/objenesis/objenesis/2.1/objenesis-2.1.jar:/home/ubuntu/.m2/repository/commons-collections/commons-collections/3.2.2/commons-collections-3.2.2.jar:/home/ubuntu/.m2/repository/org/apache/commons/commons-compress/1.26.0/commons-compress-1.26.0.jar:/home/ubuntu/.m2/repository/org/apache/flink/flink-shaded-guava/31.1-jre-17.0/flink-shaded-guava-31.1-jre-17.0.jar:/home/ubuntu/.m2/repository/com/google/code/findbugs/jsr305/1.3.9/jsr305-1.3.9.jar:/home/ubuntu/.m2/repository/org/apache/flink/flink-streaming-java/1.20.0/flink-streaming-java-1.20.0.jar:/home/ubuntu/.m2/repository/org/apache/flink/flink-file-sink-common/1.20.0/flink-file-sink-common-1.20.0.jar:/home/ubuntu/.m2/repository/org/apache/flink/flink-java/1.20.0/flink-java-1.20.0.jar:/home/ubuntu/.m2/repository/com/twitter/chill-java/0.7.6/chill-java-0.7.6.jar:/home/ubuntu/.m2/repository/org/apache/commons/commons-math3/3.6.1/commons-math3-3.6.1.jar:/home/ubuntu/.m2/repository/org/apache/flink/flink-connector-datagen/1.20.0/flink-connector-datagen-1.20.0.jar:/home/ubuntu/.m2/repository/org/apache/flink/flink-connector-kafka/3.3.0-1.20/flink-connector-kafka-3.3.0-1.20.jar:/home/ubuntu/.m2/repository/org/apache/kafka/kafka-clients/3.4.0/kafka-clients-3.4.0.jar:/home/ubuntu/.m2/repository/com/github/luben/zstd-jni/1.5.2-1/zstd-jni-1.5.2-1.jar:/home/ubuntu/.m2/repository/com/google/guava/guava/32.1.2-jre/guava-32.1.2-jre.jar:/home/ubuntu/.m2/repository/com/google/guava/failureaccess/1.0.1/failureaccess-1.0.1.jar:/home/ubuntu/.m2/repository/com/google/guava/listenablefuture/9999.0-empty-to-avoid-conflict-with-guava/listenablefuture-9999.0-empty-to-avoid-conflict-with-guava.jar:/home/ubuntu/.m2/repository/org/checkerframework/checker-qual/3.33.0/checker-qual-3.33.0.jar:/home/ubuntu/.m2/repository/com/google/errorprone/error_prone_annotations/2.18.0/error_prone_annotations-2.18.0.jar:/home/ubuntu/.m2/repository/com/google/j2objc/j2objc-annotations/2.8/j2objc-annotations-2.8.jar:/home/ubuntu/.m2/repository/com/fasterxml/jackson/core/jackson-core/2.15.2/jackson-core-2.15.2.jar:/home/ubuntu/.m2/repository/com/fasterxml/jackson/datatype/jackson-datatype-jsr310/2.15.2/jackson-datatype-jsr310-2.15.2.jar:/home/ubuntu/.m2/repository/com/fasterxml/jackson/datatype/jackson-datatype-jdk8/2.15.2/jackson-datatype-jdk8-2.15.2.jar:/home/ubuntu/.m2/repository/org/apache/flink/flink-connector-base/1.20.0/flink-connector-base-1.20.0.jar:/home/ubuntu/.m2/repository/org/apache/flink/flink-test-utils-junit/1.20.0/flink-test-utils-junit-1.20.0.jar:/home/ubuntu/.m2/repository/org/junit/vintage/junit-vintage-engine/5.10.1/junit-vintage-engine-5.10.1.jar:/home/ubuntu/.m2/repository/org/junit/platform/junit-platform-engine/1.10.1/junit-platform-engine-1.10.1.jar:/home/ubuntu/.m2/repository/junit/junit/4.13.2/junit-4.13.2.jar:/home/ubuntu/.m2/repository/org/hamcrest/hamcrest-core/1.3/hamcrest-core-1.3.jar:/home/ubuntu/.m2/repository/org/apiguardian/apiguardian-api/1.1.2/apiguardian-api-1.1.2.jar:/home/ubuntu/.m2/repository/org/assertj/assertj-core/3.23.1/assertj-core-3.23.1.jar:/home/ubuntu/.m2/repository/net/bytebuddy/byte-buddy/1.12.10/byte-buddy-1.12.10.jar:/home/ubuntu/.m2/repository/org/testcontainers/testcontainers/1.19.1/testcontainers-1.19.1.jar:/home/ubuntu/.m2/repository/org/rnorth/duct-tape/duct-tape/1.0.8/duct-tape-1.0.8.jar:/home/ubuntu/.m2/repository/org/jetbrains/annotations/17.0.0/annotations-17.0.0.jar:/home/ubuntu/.m2/repository/com/github/docker-java/docker-java-api/3.3.3/docker-java-api-3.3.3.jar:/home/ubuntu/.m2/repository/com/github/docker-java/docker-java-transport-zerodep/3.3.3/docker-java-transport-zerodep-3.3.3.jar:/home/ubuntu/.m2/repository/com/github/docker-java/docker-java-transport/3.3.3/docker-java-transport-3.3.3.jar:/home/ubuntu/.m2/repository/net/java/dev/jna/jna/5.12.1/jna-5.12.1.jar:/home/ubuntu/.m2/repository/org/apache/flink/flink-clients/1.20.0/flink-clients-1.20.0.jar:/home/ubuntu/.m2/repository/org/apache/flink/flink-optimizer/1.20.0/flink-optimizer-1.20.0.jar:/home/ubuntu/.m2/repository/commons-cli/commons-cli/1.5.0/commons-cli-1.5.0.jar:/home/ubuntu/.m2/repository/org/apache/flink/flink-datastream/1.20.0/flink-datastream-1.20.0.jar:/home/ubuntu/.m2/repository/org/apache/flink/flink-datastream-api/1.20.0/flink-datastream-api-1.20.0.jar:/home/ubuntu/.m2/repository/org/apache/flink/flink-metrics-prometheus/1.20.0/flink-metrics-prometheus-1.20.0.jar:/home/ubuntu/.m2/repository/org/apache/flink/flink-runtime/1.20.0/flink-runtime-1.20.0.jar:/home/ubuntu/.m2/repository/org/apache/flink/flink-rpc-core/1.20.0/flink-rpc-core-1.20.0.jar:/home/ubuntu/.m2/repository/org/apache/flink/flink-rpc-akka-loader/1.20.0/flink-rpc-akka-loader-1.20.0.jar:/home/ubuntu/.m2/repository/org/apache/flink/flink-queryable-state-client-java/1.20.0/flink-queryable-state-client-java-1.20.0.jar:/home/ubuntu/.m2/repository/org/apache/flink/flink-hadoop-fs/1.20.0/flink-hadoop-fs-1.20.0.jar:/home/ubuntu/.m2/repository/commons-io/commons-io/2.15.1/commons-io-2.15.1.jar:/home/ubuntu/.m2/repository/org/apache/flink/flink-shaded-netty/4.1.91.Final-17.0/flink-shaded-netty-4.1.91.Final-17.0.jar:/home/ubuntu/.m2/repository/org/apache/flink/flink-shaded-zookeeper-3/3.7.1-17.0/flink-shaded-zookeeper-3-3.7.1-17.0.jar:/home/ubuntu/.m2/repository/org/javassist/javassist/3.24.0-GA/javassist-3.24.0-GA.jar:/home/ubuntu/.m2/repository/org/xerial/snappy/snappy-java/1.1.10.4/snappy-java-1.1.10.4.jar:/home/ubuntu/.m2/repository/tools/profiler/async-profiler/2.9/async-profiler-2.9.jar:/home/ubuntu/.m2/repository/org/lz4/lz4-java/1.8.0/lz4-java-1.8.0.jar:/home/ubuntu/.m2/repository/org/apache/flink/flink-test-utils/1.20.0/flink-test-utils-1.20.0.jar:/home/ubuntu/.m2/repository/org/apache/flink/flink-table-common/1.20.0/flink-table-common-1.20.0.jar:/home/ubuntu/.m2/repository/com/ibm/icu/icu4j/67.1/icu4j-67.1.jar:/home/ubuntu/.m2/repository/org/apache/flink/flink-runtime/1.20.0/flink-runtime-1.20.0-tests.jar:/home/ubuntu/.m2/repository/org/apache/flink/flink-core/1.20.0/flink-core-1.20.0-tests.jar:/home/ubuntu/.m2/repository/org/apache/flink/flink-rpc-akka-loader/1.20.0/flink-rpc-akka-loader-1.20.0-tests.jar:/home/ubuntu/.m2/repository/org/apache/flink/flink-streaming-java/1.20.0/flink-streaming-java-1.20.0-tests.jar:/home/ubuntu/.m2/repository/org/apache/flink/flink-statebackend-rocksdb/1.20.0/flink-statebackend-rocksdb-1.20.0.jar:/home/ubuntu/.m2/repository/com/ververica/frocksdbjni/6.20.3-ververica-2.0/frocksdbjni-6.20.3-ververica-2.0.jar:/home/ubuntu/.m2/repository/org/apache/flink/flink-statebackend-changelog/1.20.0/flink-statebackend-changelog-1.20.0.jar:/home/ubuntu/.m2/repository/org/apache/flink/flink-statebackend-common/1.20.0/flink-statebackend-common-1.20.0.jar:/home/ubuntu/.m2/repository/org/apache/flink/flink-dstl-dfs/1.20.0/flink-dstl-dfs-1.20.0.jar:/home/ubuntu/.m2/repository/org/apache/curator/curator-test/5.4.0/curator-test-5.4.0.jar:/home/ubuntu/.m2/repository/org/apache/zookeeper/zookeeper/3.7.1/zookeeper-3.7.1.jar:/home/ubuntu/.m2/repository/org/apache/zookeeper/zookeeper-jute/3.7.1/zookeeper-jute-3.7.1.jar:/home/ubuntu/.m2/repository/org/apache/yetus/audience-annotations/0.12.0/audience-annotations-0.12.0.jar:/home/ubuntu/.m2/repository/io/netty/netty-handler/4.1.76.Final/netty-handler-4.1.76.Final.jar:/home/ubuntu/.m2/repository/io/netty/netty-common/4.1.76.Final/netty-common-4.1.76.Final.jar:/home/ubuntu/.m2/repository/io/netty/netty-resolver/4.1.76.Final/netty-resolver-4.1.76.Final.jar:/home/ubuntu/.m2/repository/io/netty/netty-buffer/4.1.76.Final/netty-buffer-4.1.76.Final.jar:/home/ubuntu/.m2/repository/io/netty/netty-transport/4.1.76.Final/netty-transport-4.1.76.Final.jar:/home/ubuntu/.m2/repository/io/netty/netty-codec/4.1.76.Final/netty-codec-4.1.76.Final.jar:/home/ubuntu/.m2/repository/io/netty/netty-transport-native-epoll/4.1.76.Final/netty-transport-native-epoll-4.1.76.Final.jar:/home/ubuntu/.m2/repository/io/netty/netty-transport-native-unix-common/4.1.76.Final/netty-transport-native-unix-common-4.1.76.Final.jar:/home/ubuntu/.m2/repository/io/netty/netty-transport-classes-epoll/4.1.76.Final/netty-transport-classes-epoll-4.1.76.Final.jar:/home/ubuntu/.m2/repository/io/dropwizard/metrics/metrics-core/3.2.5/metrics-core-3.2.5.jar:/home/ubuntu/.m2/repository/org/apache/flink/flink-metrics-core/1.20.0/flink-metrics-core-1.20.0.jar:/home/ubuntu/.m2/repository/org/mongodb/mongodb-driver-sync/4.11.0/mongodb-driver-sync-4.11.0.jar:/home/ubuntu/.m2/repository/org/mongodb/bson/4.11.0/bson-4.11.0.jar:/home/ubuntu/.m2/repository/org/mongodb/mongodb-driver-core/4.11.0/mongodb-driver-core-4.11.0.jar:/home/ubuntu/.m2/repository/org/mongodb/bson-record-codec/4.11.0/bson-record-codec-4.11.0.jar:/home/ubuntu/.m2/repository/com/fasterxml/jackson/core/jackson-databind/2.15.2/jackson-databind-2.15.2.jar:/home/ubuntu/.m2/repository/com/fasterxml/jackson/core/jackson-annotations/2.15.2/jackson-annotations-2.15.2.jar:/home/ubuntu/.m2/repository/com/fasterxml/jackson/module/jackson-module-kotlin/2.15.2/jackson-module-kotlin-2.15.2.jar:/home/ubuntu/.m2/repository/org/jetbrains/kotlin/kotlin-reflect/1.5.32/kotlin-reflect-1.5.32.jar:/home/ubuntu/.m2/repository/org/jetbrains/kotlin/kotlin-stdlib/1.5.32/kotlin-stdlib-1.5.32.jar:/home/ubuntu/.m2/repository/org/jetbrains/kotlin/kotlin-stdlib-common/1.5.32/kotlin-stdlib-common-1.5.32.jar:/home/ubuntu/.m2/repository/org/projectlombok/lombok/1.18.28/lombok-1.18.28.jar:/home/ubuntu/.m2/repository/io/opentelemetry/opentelemetry-api/1.29.0/opentelemetry-api-1.29.0.jar:/home/ubuntu/.m2/repository/io/opentelemetry/opentelemetry-context/1.29.0/opentelemetry-context-1.29.0.jar:/home/ubuntu/.m2/repository/io/opentelemetry/opentelemetry-sdk/1.29.0/opentelemetry-sdk-1.29.0.jar:/home/ubuntu/.m2/repository/io/opentelemetry/opentelemetry-sdk-common/1.29.0/opentelemetry-sdk-common-1.29.0.jar:/home/ubuntu/.m2/repository/io/opentelemetry/opentelemetry-semconv/1.29.0-alpha/opentelemetry-semconv-1.29.0-alpha.jar:/home/ubuntu/.m2/repository/io/opentelemetry/opentelemetry-sdk-trace/1.29.0/opentelemetry-sdk-trace-1.29.0.jar:/home/ubuntu/.m2/repository/io/opentelemetry/opentelemetry-sdk-metrics/1.29.0/opentelemetry-sdk-metrics-1.29.0.jar:/home/ubuntu/.m2/repository/io/opentelemetry/opentelemetry-extension-incubator/1.29.0-alpha/opentelemetry-extension-incubator-1.29.0-alpha.jar:/home/ubuntu/.m2/repository/io/opentelemetry/opentelemetry-sdk-logs/1.29.0/opentelemetry-sdk-logs-1.29.0.jar:/home/ubuntu/.m2/repository/io/opentelemetry/opentelemetry-api-events/1.29.0-alpha/opentelemetry-api-events-1.29.0-alpha.jar:/home/ubuntu/.m2/repository/io/opentelemetry/opentelemetry-exporter-otlp/1.29.0/opentelemetry-exporter-otlp-1.29.0.jar:/home/ubuntu/.m2/repository/io/opentelemetry/opentelemetry-exporter-otlp-common/1.29.0/opentelemetry-exporter-otlp-common-1.29.0.jar:/home/ubuntu/.m2/repository/io/opentelemetry/opentelemetry-exporter-common/1.29.0/opentelemetry-exporter-common-1.29.0.jar:/home/ubuntu/.m2/repository/io/opentelemetry/opentelemetry-exporter-sender-okhttp/1.29.0/opentelemetry-exporter-sender-okhttp-1.29.0.jar:/home/ubuntu/.m2/repository/com/squareup/okhttp3/okhttp/4.11.0/okhttp-4.11.0.jar:/home/ubuntu/.m2/repository/com/squareup/okio/okio/3.2.0/okio-3.2.0.jar:/home/ubuntu/.m2/repository/com/squareup/okio/okio-jvm/3.2.0/okio-jvm-3.2.0.jar:/home/ubuntu/.m2/repository/org/jetbrains/kotlin/kotlin-stdlib-jdk8/1.6.20/kotlin-stdlib-jdk8-1.6.20.jar:/home/ubuntu/.m2/repository/org/jetbrains/kotlin/kotlin-stdlib-jdk7/1.6.20/kotlin-stdlib-jdk7-1.6.20.jar:/home/ubuntu/.m2/repository/io/opentelemetry/opentelemetry-sdk-extension-autoconfigure-spi/1.29.0/opentelemetry-sdk-extension-autoconfigure-spi-1.29.0.jar:/home/ubuntu/.m2/repository/io/prometheus/simpleclient/0.16.0/simpleclient-0.16.0.jar:/home/ubuntu/.m2/repository/io/prometheus/simpleclient_tracer_otel/0.16.0/simpleclient_tracer_otel-0.16.0.jar:/home/ubuntu/.m2/repository/io/prometheus/simpleclient_tracer_common/0.16.0/simpleclient_tracer_common-0.16.0.jar:/home/ubuntu/.m2/repository/io/prometheus/simpleclient_tracer_otel_agent/0.16.0/simpleclient_tracer_otel_agent-0.16.0.jar:/home/ubuntu/.m2/repository/io/prometheus/simpleclient_common/0.16.0/simpleclient_common-0.16.0.jar:/home/ubuntu/.m2/repository/io/prometheus/simpleclient_hotspot/0.16.0/simpleclient_hotspot-0.16.0.jar:/home/ubuntu/.m2/repository/org/slf4j/slf4j-api/1.7.36/slf4j-api-1.7.36.jar:/home/ubuntu/.m2/repository/org/slf4j/slf4j-simple/1.7.36/slf4j-simple-1.7.36.jar:/home/ubuntu/.m2/repository/org/apache/logging/log4j/log4j-slf4j-impl/2.17.1/log4j-slf4j-impl-2.17.1.jar:/home/ubuntu/.m2/repository/org/apache/logging/log4j/log4j-api/2.17.1/log4j-api-2.17.1.jar:/home/ubuntu/.m2/repository/org/apache/logging/log4j/log4j-core/2.17.1/log4j-core-2.17.1.jar:/home/ubuntu/.m2/repository/org/junit/jupiter/junit-jupiter/5.9.3/junit-jupiter-5.9.3.jar:/home/ubuntu/.m2/repository/org/junit/jupiter/junit-jupiter-api/5.9.3/junit-jupiter-api-5.9.3.jar:/home/ubuntu/.m2/repository/org/opentest4j/opentest4j/1.2.0/opentest4j-1.2.0.jar:/home/ubuntu/.m2/repository/org/junit/platform/junit-platform-commons/1.9.3/junit-platform-commons-1.9.3.jar:/home/ubuntu/.m2/repository/org/junit/jupiter/junit-jupiter-params/5.9.3/junit-jupiter-params-5.9.3.jar:/home/ubuntu/.m2/repository/org/junit/jupiter/junit-jupiter-engine/5.9.3/junit-jupiter-engine-5.9.3.jar:"/>
    <property name="sun.cpu.endian" value="little"/>
    <property name="user.home" value="/home/ubuntu"/>
    <property name="user.language" value="en"/>
    <property name="java.specification.vendor" value="Oracle Corporation"/>
    <property name="java.version.date" value="2024-10-15"/>
    <property name="java.home" value="/home/ubuntu/.jdks/corretto-17.0.13"/>
    <property name="file.separator" value="/"/>
    <property name="basedir" value="/home/ubuntu/Project/temp3/rental-recommender/data-processor"/>
    <property name="java.vm.compressedOopsMode" value="32-bit"/>
    <property name="line.separator" value="&#10;"/>
    <property name="java.specification.name" value="Java Platform API Specification"/>
    <property name="java.vm.specification.vendor" value="Oracle Corporation"/>
    <property name="surefire.real.class.path" value="/home/ubuntu/Project/temp3/rental-recommender/data-processor/target/surefire/surefirebooter-20241204204126080_3.jar"/>
    <property name="sun.management.compiler" value="HotSpot 64-Bit Tiered Compilers"/>
    <property name="java.runtime.version" value="17.0.13+11-LTS"/>
    <property name="user.name" value="ubuntu"/>
    <property name="path.separator" value=":"/>
    <property name="os.version" value="6.8.0-49-generic"/>
    <property name="java.runtime.name" value="OpenJDK Runtime Environment"/>
    <property name="file.encoding" value="UTF-8"/>
    <property name="java.vm.name" value="OpenJDK 64-Bit Server VM"/>
    <property name="java.vendor.version" value="Corretto-17.0.13.11.1"/>
    <property name="localRepository" value="/home/ubuntu/.m2/repository"/>
    <property name="java.vendor.url.bug" value="https://github.com/corretto/corretto-17/issues/"/>
    <property name="java.io.tmpdir" value="/tmp"/>
    <property name="idea.version" value="2024.3"/>
    <property name="java.version" value="17.0.13"/>
    <property name="user.dir" value="/home/ubuntu/Project/temp3/rental-recommender/data-processor"/>
    <property name="os.arch" value="aarch64"/>
    <property name="java.vm.specification.name" value="Java Virtual Machine Specification"/>
    <property name="native.encoding" value="UTF-8"/>
    <property name="java.library.path" value="/usr/java/packages/lib:/usr/lib64:/lib64:/lib:/usr/lib"/>
    <property name="java.vm.info" value="mixed mode, sharing"/>
    <property name="java.vendor" value="Amazon.com Inc."/>
    <property name="java.vm.version" value="17.0.13+11-LTS"/>
    <property name="java.specification.maintenance.version" value="1"/>
    <property name="sun.io.unicode.encoding" value="UnicodeLittle"/>
    <property name="java.class.version" value="61.0"/>
  </properties>
  <testcase name="testMongoDbSinkInsertOrUpdate" classname="com.rentalrecommender.dataprocessor.PropertyMongoDbSinkIntegrationTest" time="2.002">
    <system-out><![CDATA[MongoDB setup complete: Database = dev, Collection = sample
Starting test with collection state intact.
Testing insert or update for property: Property(id=null, propertyUrl=null, propertyId=test-12345, listingId=null, mls=null, mlsId=null, status=null, text=null, style=null, fullStreetLine=null, street=123 Initial Street, unit=null, city=null, state=null, zipCode=null, beds=0, fullBaths=0, halfBaths=0, sqft=0, yearBuilt=null, daysOnMls=0, listPrice=0.0, listPriceMin=null, listPriceMax=null, listDate=null, soldPrice=null, lastSoldDate=null, assessedValue=null, estimatedValue=null, newConstruction=false, lotSqft=null, pricePerSqft=0.0, latitude=null, longitude=null, neighborhoods=null, county=null, fipsCode=null, stories=null, hoaFee=null, parkingGarage=null, agentId=null, agentName=null, agentEmail=null, agentPhones=null, agentMlsSet=null, agentNrdsId=null, brokerId=null, brokerName=null, builderId=null, builderName=null, officeId=null, officeMlsSet=null, officeName=null, officeEmail=null, officePhones=null, nearbySchools=null, primaryPhoto=null, altPhotos=[])
Test data cleaned up.
]]></system-out>
    <system-err><![CDATA[[main] INFO org.mongodb.driver.client - MongoClient with metadata {"driver": {"name": "mongo-java-driver|sync", "version": "4.11.0"}, "os": {"type": "Linux", "name": "Linux", "architecture": "aarch64", "version": "6.8.0-49-generic"}, "platform": "Java/Amazon.com Inc./17.0.13+11-LTS"} created with settings MongoClientSettings{readPreference=primary, writeConcern=WriteConcern{w=null, wTimeout=null ms, journal=null}, retryWrites=true, retryReads=true, readConcern=ReadConcern{level=null}, credential=MongoCredential{mechanism=null, userName='dev', source='dev', password=<hidden>, mechanismProperties=<hidden>}, transportSettings=null, streamFactoryFactory=null, commandListeners=[], codecRegistry=ProvidersCodecRegistry{codecProviders=[ValueCodecProvider{}, BsonValueCodecProvider{}, DBRefCodecProvider{}, DBObjectCodecProvider{}, DocumentCodecProvider{}, CollectionCodecProvider{}, IterableCodecProvider{}, MapCodecProvider{}, GeoJsonCodecProvider{}, GridFSFileCodecProvider{}, Jsr310CodecProvider{}, JsonObjectCodecProvider{}, BsonCodecProvider{}, EnumCodecProvider{}, com.mongodb.client.model.mql.ExpressionCodecProvider@4c030fe1, com.mongodb.Jep395RecordCodecProvider@347123dc, com.mongodb.KotlinCodecProvider@52433946]}, loggerSettings=LoggerSettings{maxDocumentLength=1000}, clusterSettings={hosts=[18.119.153.150:27017], srvServiceName=mongodb, mode=SINGLE, requiredClusterType=UNKNOWN, requiredReplicaSetName='null', serverSelector='null', clusterListeners='[]', serverSelectionTimeout='30000 ms', localThreshold='15 ms'}, socketSettings=SocketSettings{connectTimeoutMS=10000, readTimeoutMS=0, receiveBufferSize=0, proxySettings=ProxySettings{host=null, port=null, username=null, password=null}}, heartbeatSocketSettings=SocketSettings{connectTimeoutMS=10000, readTimeoutMS=10000, receiveBufferSize=0, proxySettings=ProxySettings{host=null, port=null, username=null, password=null}}, connectionPoolSettings=ConnectionPoolSettings{maxSize=100, minSize=0, maxWaitTimeMS=120000, maxConnectionLifeTimeMS=0, maxConnectionIdleTimeMS=0, maintenanceInitialDelayMS=0, maintenanceFrequencyMS=60000, connectionPoolListeners=[], maxConnecting=2}, serverSettings=ServerSettings{heartbeatFrequencyMS=10000, minHeartbeatFrequencyMS=500, serverListeners='[]', serverMonitorListeners='[]'}, sslSettings=SslSettings{enabled=false, invalidHostNameAllowed=false, context=null}, applicationName='null', compressorList=[], uuidRepresentation=UNSPECIFIED, serverApi=null, autoEncryptionSettings=null, dnsClient=null, inetAddressResolver=null, contextProvider=null}
[main] INFO org.mongodb.driver.cluster - No server chosen by WritableServerSelector from cluster description ClusterDescription{type=UNKNOWN, connectionMode=SINGLE, serverDescriptions=[ServerDescription{address=18.119.153.150:27017, type=UNKNOWN, state=CONNECTING}]}. Waiting for 30000 ms before timing out
[cluster-ClusterId{value='6750be8435a5f72e1db32f09', description='null'}-18.119.153.150:27017] INFO org.mongodb.driver.cluster - Monitor thread successfully connected to server with description ServerDescription{address=18.119.153.150:27017, type=STANDALONE, state=CONNECTED, ok=true, minWireVersion=0, maxWireVersion=25, maxDocumentSize=16777216, logicalSessionTimeoutMinutes=30, roundTripTimeNanos=113178171}
]]></system-err>
  </testcase>
</testsuite>